  [1m[35m (208.6ms)[0m  [1m[35mCREATE DATABASE "react_rails_api_project_template_development" ENCODING = 'unicode'[0m
  [1m[35m (109.0ms)[0m  [1m[35mCREATE DATABASE "react_rails_api_project_template_test" ENCODING = 'unicode'[0m
  [1m[35m (8.9ms)[0m  [1m[35mCREATE TABLE "schema_migrations" ("version" character varying NOT NULL PRIMARY KEY)[0m
  [1m[35m (4.3ms)[0m  [1m[35mCREATE TABLE "ar_internal_metadata" ("key" character varying NOT NULL PRIMARY KEY, "value" character varying, "created_at" timestamp(6) NOT NULL, "updated_at" timestamp(6) NOT NULL)[0m
  [1m[35m (0.4ms)[0m  [1m[34mSELECT pg_try_advisory_lock(1087325618115650655)[0m
  [1m[35m (1.0ms)[0m  [1m[34mSELECT "schema_migrations"."version" FROM "schema_migrations" ORDER BY "schema_migrations"."version" ASC[0m
Migrating to CreateCustomers (20211004191158)
  [1m[36mTRANSACTION (0.2ms)[0m  [1m[35mBEGIN[0m
  [1m[35m (5.7ms)[0m  [1m[35mCREATE TABLE "customers" ("id" bigserial primary key, "username" character varying, "password" character varying, "created_at" timestamp(6) NOT NULL, "updated_at" timestamp(6) NOT NULL)[0m
  [1m[36mActiveRecord::SchemaMigration Create (0.7ms)[0m  [1m[32mINSERT INTO "schema_migrations" ("version") VALUES ($1) RETURNING "version"[0m  [["version", "20211004191158"]]
  [1m[36mTRANSACTION (0.5ms)[0m  [1m[35mCOMMIT[0m
Migrating to CreateShelters (20211004191329)
  [1m[36mTRANSACTION (0.6ms)[0m  [1m[35mBEGIN[0m
  [1m[35m (6.6ms)[0m  [1m[35mCREATE TABLE "shelters" ("id" bigserial primary key, "name" character varying, "location" character varying, "created_at" timestamp(6) NOT NULL, "updated_at" timestamp(6) NOT NULL)[0m
  [1m[36mActiveRecord::SchemaMigration Create (0.4ms)[0m  [1m[32mINSERT INTO "schema_migrations" ("version") VALUES ($1) RETURNING "version"[0m  [["version", "20211004191329"]]
  [1m[36mTRANSACTION (1.1ms)[0m  [1m[35mCOMMIT[0m
Migrating to CreatePenguins (20211004212846)
  [1m[36mTRANSACTION (0.4ms)[0m  [1m[35mBEGIN[0m
  [1m[35m (11.1ms)[0m  [1m[35mCREATE TABLE "penguins" ("id" bigserial primary key, "name" character varying, "origin" character varying, "price" integer, "cateogry" character varying, "bio" character varying, "image_url" character varying, "customer_id" bigint NOT NULL, "shelter_id" bigint NOT NULL, "created_at" timestamp(6) NOT NULL, "updated_at" timestamp(6) NOT NULL, CONSTRAINT "fk_rails_9e8a3eb42e"
FOREIGN KEY ("customer_id")
  REFERENCES "customers" ("id")
, CONSTRAINT "fk_rails_d69855a34b"
FOREIGN KEY ("shelter_id")
  REFERENCES "shelters" ("id")
)[0m
  [1m[35m (1.3ms)[0m  [1m[35mCREATE INDEX "index_penguins_on_customer_id" ON "penguins" ("customer_id")[0m
  [1m[35m (1.2ms)[0m  [1m[35mCREATE INDEX "index_penguins_on_shelter_id" ON "penguins" ("shelter_id")[0m
  [1m[36mActiveRecord::SchemaMigration Create (0.3ms)[0m  [1m[32mINSERT INTO "schema_migrations" ("version") VALUES ($1) RETURNING "version"[0m  [["version", "20211004212846"]]
  [1m[36mTRANSACTION (0.7ms)[0m  [1m[35mCOMMIT[0m
  [1m[36mActiveRecord::InternalMetadata Load (0.5ms)[0m  [1m[34mSELECT "ar_internal_metadata".* FROM "ar_internal_metadata" WHERE "ar_internal_metadata"."key" = $1 LIMIT $2[0m  [["key", "environment"], ["LIMIT", 1]]
  [1m[36mTRANSACTION (0.2ms)[0m  [1m[35mBEGIN[0m
  [1m[36mActiveRecord::InternalMetadata Create (1.2ms)[0m  [1m[32mINSERT INTO "ar_internal_metadata" ("key", "value", "created_at", "updated_at") VALUES ($1, $2, $3, $4) RETURNING "key"[0m  [["key", "environment"], ["value", "development"], ["created_at", "2021-10-04 21:57:02.489298"], ["updated_at", "2021-10-04 21:57:02.489298"]]
  [1m[36mTRANSACTION (0.4ms)[0m  [1m[35mCOMMIT[0m
  [1m[35m (0.6ms)[0m  [1m[34mSELECT pg_advisory_unlock(1087325618115650655)[0m
  [1m[35m (1.0ms)[0m  [1m[34mSELECT "schema_migrations"."version" FROM "schema_migrations" ORDER BY "schema_migrations"."version" ASC[0m
